c:\gage omega\documents\procedural rpg\debug\vc120.pdb
c:\gage omega\documents\procedural rpg\debug\vc120.idb
c:\gage omega\documents\procedural rpg\debug\world.obj
c:\gage omega\documents\procedural rpg\debug\utility.obj
c:\gage omega\documents\procedural rpg\debug\shadermanager.obj
c:\gage omega\documents\procedural rpg\debug\region.obj
c:\gage omega\documents\procedural rpg\debug\proceduralrpg.obj
c:\gage omega\documents\procedural rpg\debug\player.obj
c:\gage omega\documents\procedural rpg\debug\pch.obj
c:\gage omega\documents\procedural rpg\debug\npc.obj
c:\gage omega\documents\procedural rpg\debug\game.obj
c:\gage omega\documents\procedural rpg\debug\entity.obj
c:\gage omega\documents\procedural rpg\debug\distribution.obj
c:\gage omega\documents\procedural rpg\debug\d3dclass.obj
c:\gage omega\documents\procedural rpg\debug\colorshader.obj
c:\gage omega\documents\procedural rpg\debug\circulararray.obj
c:\gage omega\documents\procedural rpg\debug\tutorial04_ps.cso
c:\gage omega\documents\procedural rpg\debug\tutorial04_vs.cso
c:\gage omega\documents\procedural rpg\debug\procedural rpg.ilk
c:\gage omega\documents\procedural rpg\debug\procedural rpg.exe
c:\gage omega\documents\procedural rpg\debug\procedural rpg.pdb
c:\gage omega\documents\procedural rpg\debug\tutorial04.cso
c:\gage omega\documents\procedural rpg\debug\tutorial04.res
c:\gage omega\documents\procedural rpg\debug\procedural rpg.tlog\cl.command.1.tlog
c:\gage omega\documents\procedural rpg\debug\procedural rpg.tlog\cl.read.1.tlog
c:\gage omega\documents\procedural rpg\debug\procedural rpg.tlog\cl.write.1.tlog
c:\gage omega\documents\procedural rpg\debug\procedural rpg.tlog\fxc.command.1.tlog
c:\gage omega\documents\procedural rpg\debug\procedural rpg.tlog\fxc.read.1.tlog
c:\gage omega\documents\procedural rpg\debug\procedural rpg.tlog\fxc.write.1.tlog
c:\gage omega\documents\procedural rpg\debug\procedural rpg.tlog\link.command.1.tlog
c:\gage omega\documents\procedural rpg\debug\procedural rpg.tlog\link.read.1.tlog
c:\gage omega\documents\procedural rpg\debug\procedural rpg.tlog\link.write.1.tlog
c:\gage omega\documents\procedural rpg\debug\procedural rpg.tlog\procedural rpg.write.1u.tlog
c:\gage omega\documents\procedural rpg\debug\procedural rpg.tlog\rc.command.1.tlog
c:\gage omega\documents\procedural rpg\debug\procedural rpg.tlog\rc.read.1.tlog
c:\gage omega\documents\procedural rpg\debug\procedural rpg.tlog\rc.write.1.tlog
