  Color.dgsl
  MyDGSLShader.dgsl
  Distribution.cpp
c:\gage omega\programming\procedural-rpg\distribution.cpp(22): warning C4244: 'initializing': conversion from 'double' to 'float', possible loss of data
c:\gage omega\programming\procedural-rpg\distribution.cpp(29): warning C4244: 'initializing': conversion from 'double' to 'int', possible loss of data
c:\gage omega\programming\procedural-rpg\distribution.cpp(30): warning C4018: '<': signed/unsigned mismatch
c:\gage omega\programming\procedural-rpg\distribution.cpp(31): warning C4018: '<': signed/unsigned mismatch
c:\gage omega\programming\procedural-rpg\distribution.cpp(35): warning C4018: '<': signed/unsigned mismatch
c:\gage omega\programming\procedural-rpg\distribution.cpp(40): warning C4018: '<': signed/unsigned mismatch
c:\gage omega\programming\procedural-rpg\distribution.cpp(45): warning C4018: '<': signed/unsigned mismatch
c:\gage omega\programming\procedural-rpg\distribution.cpp(50): warning C4018: '<': signed/unsigned mismatch
c:\gage omega\programming\procedural-rpg\distribution.cpp(67): warning C4244: 'argument': conversion from 'unsigned int' to 'float', possible loss of data
c:\gage omega\programming\procedural-rpg\distribution.cpp(71): warning C4244: 'argument': conversion from 'unsigned int' to 'float', possible loss of data
c:\gage omega\programming\procedural-rpg\distribution.cpp(74): warning C4244: '=': conversion from 'unsigned int' to 'float', possible loss of data
c:\gage omega\programming\procedural-rpg\distribution.cpp(85): warning C4244: 'initializing': conversion from 'double' to 'int', possible loss of data
c:\gage omega\programming\procedural-rpg\distribution.cpp(86): warning C4018: '<': signed/unsigned mismatch
c:\gage omega\programming\procedural-rpg\distribution.cpp(87): warning C4018: '<': signed/unsigned mismatch
c:\gage omega\programming\procedural-rpg\distribution.cpp(106): warning C4018: '<=': signed/unsigned mismatch
c:\gage omega\programming\procedural-rpg\distribution.cpp(122): warning C4244: 'initializing': conversion from 'double' to 'int', possible loss of data
c:\gage omega\programming\procedural-rpg\distribution.cpp(126): warning C4244: 'initializing': conversion from 'double' to 'int', possible loss of data
c:\gage omega\programming\procedural-rpg\distribution.cpp(127): warning C4244: 'initializing': conversion from 'double' to 'int', possible loss of data
c:\gage omega\programming\procedural-rpg\distribution.cpp(128): warning C4018: '<=': signed/unsigned mismatch
c:\gage omega\programming\procedural-rpg\distribution.cpp(135): warning C4244: 'argument': conversion from 'double' to 'float', possible loss of data
c:\gage omega\programming\procedural-rpg\distribution.cpp(143): warning C4018: '<=': signed/unsigned mismatch
c:\gage omega\programming\procedural-rpg\distribution.cpp(145): warning C4018: '<': signed/unsigned mismatch
c:\gage omega\programming\procedural-rpg\distribution.cpp(160): warning C4018: '<': signed/unsigned mismatch
c:\gage omega\programming\procedural-rpg\distribution.cpp(175): warning C4018: '<': signed/unsigned mismatch
c:\gage omega\programming\procedural-rpg\distribution.cpp(180): warning C4018: '<': signed/unsigned mismatch
c:\gage omega\programming\procedural-rpg\distribution.cpp(185): warning C4018: '<': signed/unsigned mismatch
c:\gage omega\programming\procedural-rpg\distribution.cpp(190): warning C4018: '<': signed/unsigned mismatch
c:\gage omega\programming\procedural-rpg\distribution.cpp(219): warning C4018: '<': signed/unsigned mismatch
c:\gage omega\programming\procedural-rpg\distribution.cpp(227): warning C4018: '<': signed/unsigned mismatch
c:\gage omega\programming\procedural-rpg\distribution.cpp(244): warning C4244: 'initializing': conversion from 'double' to 'float', possible loss of data
c:\gage omega\programming\procedural-rpg\distribution.cpp(257): warning C4244: 'return': conversion from 'double' to 'float', possible loss of data
  Procedural-RPG.vcxproj -> C:\Gage Omega\Programming\Procedural-RPG\Debug\Procedural-RPG.exe
