c:\gage omega\programming\procedural-rpg\debug\vc140.pdb
c:\gage omega\programming\procedural-rpg\debug\vc140.idb
c:\gage omega\programming\procedural-rpg\debug\circulararray.obj
c:\gage omega\programming\procedural-rpg\debug\distribution.obj
c:\gage omega\programming\procedural-rpg\debug\entity.obj
c:\gage omega\programming\procedural-rpg\debug\game.obj
c:\gage omega\programming\procedural-rpg\debug\main.obj
c:\gage omega\programming\procedural-rpg\debug\npc.obj
c:\gage omega\programming\procedural-rpg\debug\player.obj
c:\gage omega\programming\procedural-rpg\debug\region.obj
c:\gage omega\programming\procedural-rpg\debug\utility.obj
c:\gage omega\programming\procedural-rpg\debug\world.obj
c:\gage omega\programming\procedural-rpg\debug\procedural-rpg.pch
c:\gage omega\programming\procedural-rpg\debug\pch.obj
c:\gage omega\programming\procedural-rpg\debug\terrain.cso
c:\gage omega\programming\procedural-rpg\debug\procedural-rpg.ilk
c:\gage omega\programming\procedural-rpg\debug\procedural-rpg.exe
c:\gage omega\programming\procedural-rpg\debug\procedural-rpg.pdb
c:\gage omega\programming\procedural-rpg\debug\procedural-rpg.exe.embed.manifest.res
c:\gage omega\programming\procedural-rpg\debug\resource.res
c:\gage omega\programming\procedural-rpg\debug\color.cso
c:\gage omega\programming\procedural-rpg\debug\mydgslshader.cso
c:\programdata\nvidia corporation\drs\nvapptimestamps
c:\gage omega\programming\procedural-rpg\debug\procedural-rpg.exe.embed.manifest
c:\gage omega\programming\procedural-rpg\debug\procedural-rpg_manifest.rc
c:\gage omega\programming\procedural-rpg\debug\procedural-rpg.tlog\cl.command.1.tlog
c:\gage omega\programming\procedural-rpg\debug\procedural-rpg.tlog\cl.read.1.tlog
c:\gage omega\programming\procedural-rpg\debug\procedural-rpg.tlog\cl.write.1.tlog
c:\gage omega\programming\procedural-rpg\debug\procedural-rpg.tlog\fxc.4056.read.1.tlog
c:\gage omega\programming\procedural-rpg\debug\procedural-rpg.tlog\fxc.4056.write.1.tlog
c:\gage omega\programming\procedural-rpg\debug\procedural-rpg.tlog\fxc.8060.read.1.tlog
c:\gage omega\programming\procedural-rpg\debug\procedural-rpg.tlog\fxc.8060.write.1.tlog
c:\gage omega\programming\procedural-rpg\debug\procedural-rpg.tlog\fxc.command.1.tlog
c:\gage omega\programming\procedural-rpg\debug\procedural-rpg.tlog\fxc.read.1.tlog
c:\gage omega\programming\procedural-rpg\debug\procedural-rpg.tlog\fxc.write.1.tlog
c:\gage omega\programming\procedural-rpg\debug\procedural-rpg.tlog\link.3844-cvtres.read.1.tlog
c:\gage omega\programming\procedural-rpg\debug\procedural-rpg.tlog\link.3844-cvtres.write.1.tlog
c:\gage omega\programming\procedural-rpg\debug\procedural-rpg.tlog\link.command.1.tlog
c:\gage omega\programming\procedural-rpg\debug\procedural-rpg.tlog\procedural-rpg.write.1u.tlog
c:\gage omega\programming\procedural-rpg\debug\procedural-rpg.tlog\rc.10624.read.1.tlog
c:\gage omega\programming\procedural-rpg\debug\procedural-rpg.tlog\rc.10624.write.1.tlog
c:\gage omega\programming\procedural-rpg\debug\procedural-rpg.tlog\rc.2180.read.1.tlog
c:\gage omega\programming\procedural-rpg\debug\procedural-rpg.tlog\rc.2180.write.1.tlog
c:\gage omega\programming\procedural-rpg\debug\procedural-rpg.tlog\rc.2532.read.1.tlog
c:\gage omega\programming\procedural-rpg\debug\procedural-rpg.tlog\rc.2532.write.1.tlog
c:\gage omega\programming\procedural-rpg\debug\procedural-rpg.tlog\rc.9116.read.1.tlog
c:\gage omega\programming\procedural-rpg\debug\procedural-rpg.tlog\rc.9116.write.1.tlog
c:\gage omega\programming\procedural-rpg\debug\procedural-rpg.tlog\rc.command.1.tlog
c:\gage omega\programming\procedural-rpg\debug\procedural-rpg.tlog\shadergraphcontenttask-vsgraphics.5168.read.1.tlog
c:\gage omega\programming\procedural-rpg\debug\procedural-rpg.tlog\shadergraphcontenttask-vsgraphics.5168.read.2.tlog
c:\gage omega\programming\procedural-rpg\debug\procedural-rpg.tlog\shadergraphcontenttask-vsgraphics.5168.write.1.tlog
c:\gage omega\programming\procedural-rpg\debug\procedural-rpg.tlog\shadergraphcontenttask-vsgraphics.5168.write.2.tlog
c:\gage omega\programming\procedural-rpg\debug\procedural-rpg.tlog\shadergraphcontenttask-vsgraphics.5648.read.1.tlog
c:\gage omega\programming\procedural-rpg\debug\procedural-rpg.tlog\shadergraphcontenttask-vsgraphics.5648.write.1.tlog
c:\gage omega\programming\procedural-rpg\debug\procedural-rpg.tlog\shadergraphcontenttask-vsgraphics.8732.read.1.tlog
c:\gage omega\programming\procedural-rpg\debug\procedural-rpg.tlog\shadergraphcontenttask-vsgraphics.8732.write.1.tlog
c:\gage omega\programming\procedural-rpg\debug\procedural-rpg.tlog\shadergraphcontenttask-vsgraphics.9512.read.1.tlog
c:\gage omega\programming\procedural-rpg\debug\procedural-rpg.tlog\shadergraphcontenttask-vsgraphics.9512.read.2.tlog
c:\gage omega\programming\procedural-rpg\debug\procedural-rpg.tlog\shadergraphcontenttask-vsgraphics.9512.write.1.tlog
c:\gage omega\programming\procedural-rpg\debug\procedural-rpg.tlog\shadergraphcontenttask-vsgraphics.9512.write.2.tlog
c:\gage omega\programming\procedural-rpg\debug\procedural-rpg.tlog\shadergraphcontenttask-vsgraphics.read.1.tlog
c:\gage omega\programming\procedural-rpg\debug\procedural-rpg.tlog\shadergraphcontenttask-vsgraphics.read.2.tlog
c:\gage omega\programming\procedural-rpg\debug\procedural-rpg.tlog\shadergraphcontenttask-vsgraphics.write.1.tlog
c:\gage omega\programming\procedural-rpg\debug\procedural-rpg.tlog\shadergraphcontenttask-vsgraphics.write.2.tlog
