C:\Program Files (x86)\Microsoft Visual Studio\2017\Community\Common7\IDE\VC\VCTargets\Microsoft.CppBuild.targets(387,5): warning MSB8028: The intermediate directory (Debug\) contains files shared from another project (Procedural-RPG.vcxproj, ProceduralRPG.vcxproj, Tutorial04.vcxproj).  This can lead to incorrect clean and rebuild behavior.
  compilation object save succeeded; see C:\Gage Omega\Programming\Procedural-RPG\Debug\Tutorial04_PS.cso
  compilation object save succeeded; see C:\Gage Omega\Programming\Procedural-RPG\Debug\Tutorial04_VS.cso
  CircularArray.cpp
c:\gage omega\programming\procedural-rpg\pch.h(56): fatal error C1083: Cannot open include file: 'CommonStates.h': No such file or directory
  ColorShader.cpp
  d3dclass.cpp
c:\gage omega\programming\procedural-rpg\d3dclass.cpp(26): warning C4100: 'other': unreferenced formal parameter
c:\gage omega\programming\procedural-rpg\d3dclass.cpp(46): warning C4101: 'error': unreferenced local variable
c:\gage omega\programming\procedural-rpg\d3dclass.cpp(43): warning C4101: 'stringLength': unreferenced local variable
  Distribution.cpp
c:\gage omega\programming\procedural-rpg\pch.h(56): fatal error C1083: Cannot open include file: 'CommonStates.h': No such file or directory
  Entity.cpp
c:\gage omega\programming\procedural-rpg\pch.h(56): fatal error C1083: Cannot open include file: 'CommonStates.h': No such file or directory
  Game.cpp
c:\gage omega\programming\procedural-rpg\pch.h(56): fatal error C1083: Cannot open include file: 'CommonStates.h': No such file or directory
  inputclass.cpp
c:\gage omega\programming\procedural-rpg\inputclass.cpp(15): warning C4100: 'other': unreferenced formal parameter
  NPC.cpp
c:\gage omega\programming\procedural-rpg\pch.h(56): fatal error C1083: Cannot open include file: 'CommonStates.h': No such file or directory
  pch.cpp
c:\gage omega\programming\procedural-rpg\pch.h(56): fatal error C1083: Cannot open include file: 'CommonStates.h': No such file or directory
  Player.cpp
c:\gage omega\programming\procedural-rpg\pch.h(56): fatal error C1083: Cannot open include file: 'CommonStates.h': No such file or directory
  ProceduralRPG.cpp
c:\gage omega\programming\procedural-rpg\pch.h(56): fatal error C1083: Cannot open include file: 'CommonStates.h': No such file or directory
  Region.cpp
c:\gage omega\programming\procedural-rpg\pch.h(56): fatal error C1083: Cannot open include file: 'CommonStates.h': No such file or directory
  ShaderManager.cpp
  TextureShader.cpp
c:\gage omega\programming\procedural-rpg\textureshader.cpp(86): warning C4100: 'psFilename': unreferenced formal parameter
c:\gage omega\programming\procedural-rpg\textureshader.cpp(86): warning C4100: 'vsFilename': unreferenced formal parameter
c:\gage omega\programming\procedural-rpg\textureshader.cpp(86): warning C4100: 'hwnd': unreferenced formal parameter
  Utility.cpp
c:\gage omega\programming\procedural-rpg\pch.h(56): fatal error C1083: Cannot open include file: 'CommonStates.h': No such file or directory
  World.cpp
c:\gage omega\programming\procedural-rpg\pch.h(56): fatal error C1083: Cannot open include file: 'CommonStates.h': No such file or directory
  Generating Code...
c:\gage omega\programming\procedural-rpg\d3dclass.cpp(168): warning C4701: potentially uninitialized local variable 'numerator' used
c:\gage omega\programming\procedural-rpg\d3dclass.cpp(169): warning C4701: potentially uninitialized local variable 'denominator' used
