  Color.dgsl
  MyDGSLShader.dgsl
  pch.cpp
  CircularArray.cpp
  Distribution.cpp
Distribution.cpp(11): warning C4244: 'initializing': conversion from 'double' to 'float', possible loss of data
Distribution.cpp(18): warning C4244: 'initializing': conversion from 'double' to 'int', possible loss of data
Distribution.cpp(64): warning C4244: 'initializing': conversion from 'double' to 'int', possible loss of data
Distribution.cpp(183): warning C4244: 'initializing': conversion from 'double' to 'float', possible loss of data
  Entity.cpp
  Game.cpp
  Main.cpp
C:\Program Files (x86)\Microsoft Visual Studio 14.0\VC\include\memory(1630): warning C4316: 'Game': object allocated on the heap may not be aligned 16
  Main.cpp(27): note: see reference to function template instantiation 'std::unique_ptr<Game,std::default_delete<_Ty>> std::make_unique<Game,>(void)' being compiled
          with
          [
              _Ty=Game
          ]
  Main.cpp(12): note: see reference to class template instantiation 'std::unique_ptr<Game,std::default_delete<_Ty>>' being compiled
          with
          [
              _Ty=Game
          ]
  NPC.cpp
  Player.cpp
  Region.cpp
Region.cpp(16): warning C4018: '<': signed/unsigned mismatch
Region.cpp(52): warning C4018: '<': signed/unsigned mismatch
Region.cpp(151): warning C4018: '<': signed/unsigned mismatch
Region.cpp(152): warning C4018: '<': signed/unsigned mismatch
Region.cpp(154): warning C4244: 'argument': conversion from 'unsigned int' to 'float', possible loss of data
Region.cpp(155): warning C4244: 'argument': conversion from 'unsigned int' to 'float', possible loss of data
Region.cpp(156): warning C4244: 'argument': conversion from 'unsigned int' to 'float', possible loss of data
Region.cpp(157): warning C4244: 'argument': conversion from 'unsigned int' to 'float', possible loss of data
  Utility.cpp
Utility.cpp(6): warning C4244: 'return': conversion from 'double' to 'float', possible loss of data
Utility.cpp(16): warning C4244: 'initializing': conversion from 'double' to 'int', possible loss of data
Utility.cpp(22): warning C4244: 'return': conversion from 'double' to 'int', possible loss of data
  World.cpp
World.cpp(16): warning C4244: 'argument': conversion from 'float' to 'int', possible loss of data
World.cpp(23): warning C4244: 'initializing': conversion from 'float' to 'int', possible loss of data
World.cpp(24): warning C4244: 'initializing': conversion from 'float' to 'int', possible loss of data
World.cpp(45): warning C4244: '=': conversion from 'float' to 'int', possible loss of data
World.cpp(50): warning C4244: 'argument': conversion from 'float' to 'int', possible loss of data
World.cpp(61): warning C4244: '=': conversion from 'float' to 'int', possible loss of data
World.cpp(66): warning C4244: 'argument': conversion from 'float' to 'int', possible loss of data
World.cpp(78): warning C4244: 'initializing': conversion from 'float' to 'int', possible loss of data
World.cpp(79): warning C4244: 'initializing': conversion from 'float' to 'int', possible loss of data
World.cpp(81): warning C4244: 'initializing': conversion from 'float' to 'int', possible loss of data
World.cpp(82): warning C4244: 'initializing': conversion from 'float' to 'int', possible loss of data
World.cpp(98): warning C4244: 'initializing': conversion from 'float' to 'int', possible loss of data
World.cpp(99): warning C4244: 'initializing': conversion from 'float' to 'int', possible loss of data
World.cpp(112): warning C4244: 'argument': conversion from 'unsigned int' to 'float', possible loss of data
World.cpp(161): warning C4244: '=': conversion from 'float' to 'unsigned short', possible loss of data
World.cpp(162): warning C4244: '=': conversion from 'float' to 'unsigned short', possible loss of data
C:\Program Files (x86)\Microsoft Visual Studio 14.0\VC\include\memory(1630): warning C4316: 'Player': object allocated on the heap may not be aligned 16
  World.cpp(160): note: see reference to function template instantiation 'std::unique_ptr<Player,std::default_delete<_Ty>> std::make_unique<Player,DirectX::XMFLOAT3,float>(DirectX::XMFLOAT3 &&,float &&)' being compiled
          with
          [
              _Ty=Player
          ]
  Generating code
  All 916 functions were compiled because no usable IPDB/IOBJ from previous compilation was found.
  Finished generating code
  Procedural-RPG.vcxproj -> C:\Gage Omega\Programming\Procedural-RPG\Release\Procedural-RPG.exe
